[ 2017-11-23T21:22:43+08:00 ] 127.0.0.1 /admin.php/public/login.html
INFO: [ app_begin ] --START--
INFO: Run Behavior\ReadHtmlCacheBehavior [ RunTime:0.001087s ]
INFO: [ app_begin ] --END-- [ RunTime:0.001907s ]
SQL: SHOW COLUMNS FROM `weimenghulian_user` [ RunTime:0.1203s ]
SQL: SELECT * FROM `weimenghulian_user` WHERE ( user_name='admin' ) LIMIT 1   [ RunTime:0.0004s ]

[ 2017-11-23T21:22:46+08:00 ] 127.0.0.1 /admin.php/Public/getMenus
INFO: [ app_begin ] --START--
INFO: Run Behavior\ReadHtmlCacheBehavior [ RunTime:0.000916s ]
INFO: [ app_begin ] --END-- [ RunTime:0.001730s ]
SQL: SHOW COLUMNS FROM `weimenghulian_access` [ RunTime:0.0609s ]
SQL: SELECT `node_id` FROM `weimenghulian_access` WHERE ( role_id=1 ) LIMIT 1   [ RunTime:0.0005s ]
SQL: SHOW COLUMNS FROM `weimenghulian_menu` [ RunTime:0.1012s ]
SQL: SELECT * FROM `weimenghulian_menu` WHERE ( status=1 and isnav=1 and parent_id=0 and id in(1,2,25,67,3,4,5,6,7,8,9,10,11,12,13,14,15,16,17,18,19,20,21,22,23,26,27,28,35,36,41,888,29,30,33,37,38,42,43,44,45,46,68,69,879,880,881,882,883,887,889,890,891,884,885,893,894,895,903,896,897,898,899,900,901,902,904,907,908,909,910,911,912,913,914,915,916,47,48,49,50,51,52,53,54,55,56,57,58,59,60,61,833,62,63,64,65,66,877,878,886,70,73,74,127,71,72,115,126,849,850,851,852,853,854,855,856,857,858,859,860,861,871,872,875,876,116,117,118,119,120,121,122,123,124,125,862,863,864,865,866,867,868,869,874,78,79,83,84,85,86,87,88,89) ) ORDER BY sortby asc,id asc  [ RunTime:0.0010s ]
SQL: SELECT * FROM `weimenghulian_menu` WHERE ( 1=1 and status=1 and isnav=1 and parent_id=1 and id in (1,2,25,67,3,4,5,6,7,8,9,10,11,12,13,14,15,16,17,18,19,20,21,22,23,26,27,28,35,36,41,888,29,30,33,37,38,42,43,44,45,46,68,69,879,880,881,882,883,887,889,890,891,884,885,893,894,895,903,896,897,898,899,900,901,902,904,907,908,909,910,911,912,913,914,915,916,47,48,49,50,51,52,53,54,55,56,57,58,59,60,61,833,62,63,64,65,66,877,878,886,70,73,74,127,71,72,115,126,849,850,851,852,853,854,855,856,857,858,859,860,861,871,872,875,876,116,117,118,119,120,121,122,123,124,125,862,863,864,865,866,867,868,869,874,78,79,83,84,85,86,87,88,89) ) ORDER BY sortby asc,id asc  [ RunTime:0.0009s ]
SQL: SELECT * FROM `weimenghulian_menu` WHERE ( 1=1 and status=1 and isnav=1 and parent_id=2 and id in (1,2,25,67,3,4,5,6,7,8,9,10,11,12,13,14,15,16,17,18,19,20,21,22,23,26,27,28,35,36,41,888,29,30,33,37,38,42,43,44,45,46,68,69,879,880,881,882,883,887,889,890,891,884,885,893,894,895,903,896,897,898,899,900,901,902,904,907,908,909,910,911,912,913,914,915,916,47,48,49,50,51,52,53,54,55,56,57,58,59,60,61,833,62,63,64,65,66,877,878,886,70,73,74,127,71,72,115,126,849,850,851,852,853,854,855,856,857,858,859,860,861,871,872,875,876,116,117,118,119,120,121,122,123,124,125,862,863,864,865,866,867,868,869,874,78,79,83,84,85,86,87,88,89) ) ORDER BY sortby asc,id asc  [ RunTime:0.0015s ]
SQL: SELECT * FROM `weimenghulian_menu` WHERE ( 1=1 and status=1 and isnav=1 and parent_id=5 and id in (1,2,25,67,3,4,5,6,7,8,9,10,11,12,13,14,15,16,17,18,19,20,21,22,23,26,27,28,35,36,41,888,29,30,33,37,38,42,43,44,45,46,68,69,879,880,881,882,883,887,889,890,891,884,885,893,894,895,903,896,897,898,899,900,901,902,904,907,908,909,910,911,912,913,914,915,916,47,48,49,50,51,52,53,54,55,56,57,58,59,60,61,833,62,63,64,65,66,877,878,886,70,73,74,127,71,72,115,126,849,850,851,852,853,854,855,856,857,858,859,860,861,871,872,875,876,116,117,118,119,120,121,122,123,124,125,862,863,864,865,866,867,868,869,874,78,79,83,84,85,86,87,88,89) ) ORDER BY sortby asc,id asc  [ RunTime:0.0008s ]
SQL: SELECT * FROM `weimenghulian_menu` WHERE ( 1=1 and status=1 and isnav=1 and parent_id=8 and id in (1,2,25,67,3,4,5,6,7,8,9,10,11,12,13,14,15,16,17,18,19,20,21,22,23,26,27,28,35,36,41,888,29,30,33,37,38,42,43,44,45,46,68,69,879,880,881,882,883,887,889,890,891,884,885,893,894,895,903,896,897,898,899,900,901,902,904,907,908,909,910,911,912,913,914,915,916,47,48,49,50,51,52,53,54,55,56,57,58,59,60,61,833,62,63,64,65,66,877,878,886,70,73,74,127,71,72,115,126,849,850,851,852,853,854,855,856,857,858,859,860,861,871,872,875,876,116,117,118,119,120,121,122,123,124,125,862,863,864,865,866,867,868,869,874,78,79,83,84,85,86,87,88,89) ) ORDER BY sortby asc,id asc  [ RunTime:0.0008s ]
SQL: SELECT * FROM `weimenghulian_menu` WHERE ( 1=1 and status=1 and isnav=1 and parent_id=9 and id in (1,2,25,67,3,4,5,6,7,8,9,10,11,12,13,14,15,16,17,18,19,20,21,22,23,26,27,28,35,36,41,888,29,30,33,37,38,42,43,44,45,46,68,69,879,880,881,882,883,887,889,890,891,884,885,893,894,895,903,896,897,898,899,900,901,902,904,907,908,909,910,911,912,913,914,915,916,47,48,49,50,51,52,53,54,55,56,57,58,59,60,61,833,62,63,64,65,66,877,878,886,70,73,74,127,71,72,115,126,849,850,851,852,853,854,855,856,857,858,859,860,861,871,872,875,876,116,117,118,119,120,121,122,123,124,125,862,863,864,865,866,867,868,869,874,78,79,83,84,85,86,87,88,89) ) ORDER BY sortby asc,id asc  [ RunTime:0.0009s ]
SQL: SELECT * FROM `weimenghulian_menu` WHERE ( 1=1 and status=1 and isnav=1 and parent_id=11 and id in (1,2,25,67,3,4,5,6,7,8,9,10,11,12,13,14,15,16,17,18,19,20,21,22,23,26,27,28,35,36,41,888,29,30,33,37,38,42,43,44,45,46,68,69,879,880,881,882,883,887,889,890,891,884,885,893,894,895,903,896,897,898,899,900,901,902,904,907,908,909,910,911,912,913,914,915,916,47,48,49,50,51,52,53,54,55,56,57,58,59,60,61,833,62,63,64,65,66,877,878,886,70,73,74,127,71,72,115,126,849,850,851,852,853,854,855,856,857,858,859,860,861,871,872,875,876,116,117,118,119,120,121,122,123,124,125,862,863,864,865,866,867,868,869,874,78,79,83,84,85,86,87,88,89) ) ORDER BY sortby asc,id asc  [ RunTime:0.0010s ]

[ 2017-11-23T21:22:56+08:00 ] 127.0.0.1 /admin.php/Public/getMenus
INFO: [ app_begin ] --START--
INFO: Run Behavior\ReadHtmlCacheBehavior [ RunTime:0.001571s ]
INFO: [ app_begin ] --END-- [ RunTime:0.002851s ]
SQL: SHOW COLUMNS FROM `weimenghulian_access` [ RunTime:0.0089s ]
SQL: SELECT `node_id` FROM `weimenghulian_access` WHERE ( role_id=1 ) LIMIT 1   [ RunTime:0.0004s ]
SQL: SHOW COLUMNS FROM `weimenghulian_menu` [ RunTime:0.0096s ]

[ 2017-11-23T21:23:11+08:00 ] 127.0.0.1 /admin.php/Public/getMenus
INFO: [ app_begin ] --START--
INFO: Run Behavior\ReadHtmlCacheBehavior [ RunTime:0.000669s ]
INFO: [ app_begin ] --END-- [ RunTime:0.001249s ]
SQL: SHOW COLUMNS FROM `weimenghulian_access` [ RunTime:0.0200s ]
SQL: SELECT `node_id` FROM `weimenghulian_access` WHERE ( role_id=1 ) LIMIT 1   [ RunTime:0.0004s ]
SQL: SHOW COLUMNS FROM `weimenghulian_menu` [ RunTime:0.0077s ]

[ 2017-11-23T21:23:15+08:00 ] 127.0.0.1 /admin.php/Public/getMenus
INFO: [ app_begin ] --START--
INFO: Run Behavior\ReadHtmlCacheBehavior [ RunTime:0.001502s ]
INFO: [ app_begin ] --END-- [ RunTime:0.002930s ]
SQL: SHOW COLUMNS FROM `weimenghulian_access` [ RunTime:0.0087s ]
SQL: SELECT `node_id` FROM `weimenghulian_access` WHERE ( role_id=1 ) LIMIT 1   [ RunTime:0.0005s ]
SQL: SHOW COLUMNS FROM `weimenghulian_menu` [ RunTime:0.0081s ]

[ 2017-11-23T21:23:18+08:00 ] 127.0.0.1 /admin.php/News/ajaxDelNews.html
INFO: [ app_begin ] --START--
INFO: Run Behavior\ReadHtmlCacheBehavior [ RunTime:0.001034s ]
INFO: [ app_begin ] --END-- [ RunTime:0.001734s ]
NOTIC: [2048] Declaration of Admin\Controller\BaseController::error() should be compatible with that of Think\Controller::error() G:\wamp\www\wmhl\Application\Admin\Controller\BaseController.class.php 第 271 行.
NOTIC: [2048] Declaration of Admin\Controller\BaseController::success() should be compatible with that of Think\Controller::success() G:\wamp\www\wmhl\Application\Admin\Controller\BaseController.class.php 第 271 行.
SQL: SHOW COLUMNS FROM `weimenghulian_news` [ RunTime:0.0080s ]
SQL: SHOW COLUMNS FROM `weimenghulian_news` [ RunTime:0.0098s ]
SQL: update weimenghulian_news set status=(status+1)%2 where id=2 [ RunTime:0.0016s ]

[ 2017-11-23T21:23:18+08:00 ] 127.0.0.1 /admin.php/Public/getMenus
INFO: [ app_begin ] --START--
INFO: Run Behavior\ReadHtmlCacheBehavior [ RunTime:0.001169s ]
INFO: [ app_begin ] --END-- [ RunTime:0.002306s ]
SQL: SHOW COLUMNS FROM `weimenghulian_access` [ RunTime:0.0106s ]
SQL: SELECT `node_id` FROM `weimenghulian_access` WHERE ( role_id=1 ) LIMIT 1   [ RunTime:0.0005s ]
SQL: SHOW COLUMNS FROM `weimenghulian_menu` [ RunTime:0.0127s ]

[ 2017-11-23T21:23:19+08:00 ] 127.0.0.1 /admin.php/Public/getMenus
INFO: [ app_begin ] --START--
INFO: Run Behavior\ReadHtmlCacheBehavior [ RunTime:0.000724s ]
INFO: [ app_begin ] --END-- [ RunTime:0.001458s ]
SQL: SHOW COLUMNS FROM `weimenghulian_access` [ RunTime:0.0094s ]
SQL: SELECT `node_id` FROM `weimenghulian_access` WHERE ( role_id=1 ) LIMIT 1   [ RunTime:0.0005s ]
SQL: SHOW COLUMNS FROM `weimenghulian_menu` [ RunTime:0.0110s ]

[ 2017-11-23T21:23:19+08:00 ] 127.0.0.1 /admin.php/Public/getMenus
INFO: [ app_begin ] --START--
INFO: Run Behavior\ReadHtmlCacheBehavior [ RunTime:0.000948s ]
INFO: [ app_begin ] --END-- [ RunTime:0.001601s ]
SQL: SHOW COLUMNS FROM `weimenghulian_access` [ RunTime:0.0065s ]
SQL: SELECT `node_id` FROM `weimenghulian_access` WHERE ( role_id=1 ) LIMIT 1   [ RunTime:0.0003s ]
SQL: SHOW COLUMNS FROM `weimenghulian_menu` [ RunTime:0.0093s ]

[ 2017-11-23T21:23:22+08:00 ] 127.0.0.1 /admin.php/News/ajaxDelNews.html
INFO: [ app_begin ] --START--
INFO: Run Behavior\ReadHtmlCacheBehavior [ RunTime:0.002478s ]
INFO: [ app_begin ] --END-- [ RunTime:0.003677s ]
NOTIC: [2048] Declaration of Admin\Controller\BaseController::error() should be compatible with that of Think\Controller::error() G:\wamp\www\wmhl\Application\Admin\Controller\BaseController.class.php 第 271 行.
NOTIC: [2048] Declaration of Admin\Controller\BaseController::success() should be compatible with that of Think\Controller::success() G:\wamp\www\wmhl\Application\Admin\Controller\BaseController.class.php 第 271 行.
SQL: SHOW COLUMNS FROM `weimenghulian_news` [ RunTime:0.0070s ]
SQL: SHOW COLUMNS FROM `weimenghulian_news` [ RunTime:0.0083s ]
SQL: update weimenghulian_news set status=(status+1)%2 where id=2 [ RunTime:0.0228s ]

[ 2017-11-23T21:23:23+08:00 ] 127.0.0.1 /admin.php/Public/getMenus
INFO: [ app_begin ] --START--
INFO: Run Behavior\ReadHtmlCacheBehavior [ RunTime:0.002278s ]
INFO: [ app_begin ] --END-- [ RunTime:0.003308s ]
SQL: SHOW COLUMNS FROM `weimenghulian_access` [ RunTime:0.0077s ]
SQL: SELECT `node_id` FROM `weimenghulian_access` WHERE ( role_id=1 ) LIMIT 1   [ RunTime:0.0005s ]
SQL: SHOW COLUMNS FROM `weimenghulian_menu` [ RunTime:0.0129s ]

[ 2017-11-23T21:23:23+08:00 ] 127.0.0.1 /admin.php/Public/getMenus
INFO: [ app_begin ] --START--
INFO: Run Behavior\ReadHtmlCacheBehavior [ RunTime:0.001229s ]
INFO: [ app_begin ] --END-- [ RunTime:0.002293s ]
SQL: SHOW COLUMNS FROM `weimenghulian_access` [ RunTime:0.0105s ]
SQL: SELECT `node_id` FROM `weimenghulian_access` WHERE ( role_id=1 ) LIMIT 1   [ RunTime:0.0016s ]
SQL: SHOW COLUMNS FROM `weimenghulian_menu` [ RunTime:0.0096s ]

[ 2017-11-23T21:23:23+08:00 ] 127.0.0.1 /admin.php/Public/getMenus
INFO: [ app_begin ] --START--
INFO: Run Behavior\ReadHtmlCacheBehavior [ RunTime:0.001373s ]
INFO: [ app_begin ] --END-- [ RunTime:0.002561s ]
SQL: SHOW COLUMNS FROM `weimenghulian_access` [ RunTime:0.0071s ]
SQL: SELECT `node_id` FROM `weimenghulian_access` WHERE ( role_id=1 ) LIMIT 1   [ RunTime:0.0005s ]
SQL: SHOW COLUMNS FROM `weimenghulian_menu` [ RunTime:0.0119s ]

[ 2017-11-23T21:23:42+08:00 ] 127.0.0.1 /admin.php/friendlink/index.html
ERR: 无法加载控制器:Friendlink

[ 2017-11-23T21:23:53+08:00 ] 127.0.0.1 /admin.php/Public/getMenus
INFO: [ app_begin ] --START--
INFO: Run Behavior\ReadHtmlCacheBehavior [ RunTime:0.002690s ]
INFO: [ app_begin ] --END-- [ RunTime:0.003463s ]
SQL: SHOW COLUMNS FROM `weimenghulian_access` [ RunTime:0.0097s ]
SQL: SELECT `node_id` FROM `weimenghulian_access` WHERE ( role_id=1 ) LIMIT 1   [ RunTime:0.0005s ]
SQL: SHOW COLUMNS FROM `weimenghulian_menu` [ RunTime:0.0107s ]

[ 2017-11-23T21:24:17+08:00 ] 127.0.0.1 /admin.php/news/news_category.html
ERR: 非法操作:news_category

[ 2017-11-23T21:44:53+08:00 ] 127.0.0.1 /admin.php/Public/getMenus
INFO: [ app_begin ] --START--
INFO: Run Behavior\ReadHtmlCacheBehavior [ RunTime:0.001420s ]
INFO: [ app_begin ] --END-- [ RunTime:0.002390s ]
SQL: SHOW COLUMNS FROM `weimenghulian_access` [ RunTime:0.0118s ]
SQL: SELECT `node_id` FROM `weimenghulian_access` WHERE ( role_id=1 ) LIMIT 1   [ RunTime:0.0005s ]
SQL: SHOW COLUMNS FROM `weimenghulian_menu` [ RunTime:0.0117s ]
SQL: SELECT * FROM `weimenghulian_menu` WHERE ( status=1 and isnav=1 and parent_id=0 and id in(1,2,25,67,3,4,5,6,7,8,9,10,11,12,13,14,15,16,17,18,19,20,21,22,23,26,27,28,35,36,41,888,29,30,33,37,38,42,43,44,45,46,68,69,879,880,881,882,883,887,889,890,891,884,885,893,894,895,903,896,897,898,899,900,901,902,904,907,908,909,910,911,912,913,914,915,916,47,48,49,50,51,52,53,54,55,56,57,58,59,60,61,833,62,63,64,65,66,877,878,886,70,73,74,127,71,72,115,126,849,850,851,852,853,854,855,856,857,858,859,860,861,871,872,875,876,116,117,118,119,120,121,122,123,124,125,862,863,864,865,866,867,868,869,874,78,79,83,84,85,86,87,88,89) ) ORDER BY sortby asc,id asc  [ RunTime:0.0010s ]
SQL: SELECT * FROM `weimenghulian_menu` WHERE ( 1=1 and status=1 and isnav=1 and parent_id=1 and id in (1,2,25,67,3,4,5,6,7,8,9,10,11,12,13,14,15,16,17,18,19,20,21,22,23,26,27,28,35,36,41,888,29,30,33,37,38,42,43,44,45,46,68,69,879,880,881,882,883,887,889,890,891,884,885,893,894,895,903,896,897,898,899,900,901,902,904,907,908,909,910,911,912,913,914,915,916,47,48,49,50,51,52,53,54,55,56,57,58,59,60,61,833,62,63,64,65,66,877,878,886,70,73,74,127,71,72,115,126,849,850,851,852,853,854,855,856,857,858,859,860,861,871,872,875,876,116,117,118,119,120,121,122,123,124,125,862,863,864,865,866,867,868,869,874,78,79,83,84,85,86,87,88,89) ) ORDER BY sortby asc,id asc  [ RunTime:0.0008s ]
SQL: SELECT * FROM `weimenghulian_menu` WHERE ( 1=1 and status=1 and isnav=1 and parent_id=2 and id in (1,2,25,67,3,4,5,6,7,8,9,10,11,12,13,14,15,16,17,18,19,20,21,22,23,26,27,28,35,36,41,888,29,30,33,37,38,42,43,44,45,46,68,69,879,880,881,882,883,887,889,890,891,884,885,893,894,895,903,896,897,898,899,900,901,902,904,907,908,909,910,911,912,913,914,915,916,47,48,49,50,51,52,53,54,55,56,57,58,59,60,61,833,62,63,64,65,66,877,878,886,70,73,74,127,71,72,115,126,849,850,851,852,853,854,855,856,857,858,859,860,861,871,872,875,876,116,117,118,119,120,121,122,123,124,125,862,863,864,865,866,867,868,869,874,78,79,83,84,85,86,87,88,89) ) ORDER BY sortby asc,id asc  [ RunTime:0.0008s ]
SQL: SELECT * FROM `weimenghulian_menu` WHERE ( 1=1 and status=1 and isnav=1 and parent_id=5 and id in (1,2,25,67,3,4,5,6,7,8,9,10,11,12,13,14,15,16,17,18,19,20,21,22,23,26,27,28,35,36,41,888,29,30,33,37,38,42,43,44,45,46,68,69,879,880,881,882,883,887,889,890,891,884,885,893,894,895,903,896,897,898,899,900,901,902,904,907,908,909,910,911,912,913,914,915,916,47,48,49,50,51,52,53,54,55,56,57,58,59,60,61,833,62,63,64,65,66,877,878,886,70,73,74,127,71,72,115,126,849,850,851,852,853,854,855,856,857,858,859,860,861,871,872,875,876,116,117,118,119,120,121,122,123,124,125,862,863,864,865,866,867,868,869,874,78,79,83,84,85,86,87,88,89) ) ORDER BY sortby asc,id asc  [ RunTime:0.0006s ]
SQL: SELECT * FROM `weimenghulian_menu` WHERE ( 1=1 and status=1 and isnav=1 and parent_id=8 and id in (1,2,25,67,3,4,5,6,7,8,9,10,11,12,13,14,15,16,17,18,19,20,21,22,23,26,27,28,35,36,41,888,29,30,33,37,38,42,43,44,45,46,68,69,879,880,881,882,883,887,889,890,891,884,885,893,894,895,903,896,897,898,899,900,901,902,904,907,908,909,910,911,912,913,914,915,916,47,48,49,50,51,52,53,54,55,56,57,58,59,60,61,833,62,63,64,65,66,877,878,886,70,73,74,127,71,72,115,126,849,850,851,852,853,854,855,856,857,858,859,860,861,871,872,875,876,116,117,118,119,120,121,122,123,124,125,862,863,864,865,866,867,868,869,874,78,79,83,84,85,86,87,88,89) ) ORDER BY sortby asc,id asc  [ RunTime:0.0006s ]
SQL: SELECT * FROM `weimenghulian_menu` WHERE ( 1=1 and status=1 and isnav=1 and parent_id=9 and id in (1,2,25,67,3,4,5,6,7,8,9,10,11,12,13,14,15,16,17,18,19,20,21,22,23,26,27,28,35,36,41,888,29,30,33,37,38,42,43,44,45,46,68,69,879,880,881,882,883,887,889,890,891,884,885,893,894,895,903,896,897,898,899,900,901,902,904,907,908,909,910,911,912,913,914,915,916,47,48,49,50,51,52,53,54,55,56,57,58,59,60,61,833,62,63,64,65,66,877,878,886,70,73,74,127,71,72,115,126,849,850,851,852,853,854,855,856,857,858,859,860,861,871,872,875,876,116,117,118,119,120,121,122,123,124,125,862,863,864,865,866,867,868,869,874,78,79,83,84,85,86,87,88,89) ) ORDER BY sortby asc,id asc  [ RunTime:0.0008s ]
SQL: SELECT * FROM `weimenghulian_menu` WHERE ( 1=1 and status=1 and isnav=1 and parent_id=11 and id in (1,2,25,67,3,4,5,6,7,8,9,10,11,12,13,14,15,16,17,18,19,20,21,22,23,26,27,28,35,36,41,888,29,30,33,37,38,42,43,44,45,46,68,69,879,880,881,882,883,887,889,890,891,884,885,893,894,895,903,896,897,898,899,900,901,902,904,907,908,909,910,911,912,913,914,915,916,47,48,49,50,51,52,53,54,55,56,57,58,59,60,61,833,62,63,64,65,66,877,878,886,70,73,74,127,71,72,115,126,849,850,851,852,853,854,855,856,857,858,859,860,861,871,872,875,876,116,117,118,119,120,121,122,123,124,125,862,863,864,865,866,867,868,869,874,78,79,83,84,85,86,87,88,89) ) ORDER BY sortby asc,id asc  [ RunTime:0.0009s ]

[ 2017-11-23T21:44:53+08:00 ] 127.0.0.1 /admin.php/friendlink/index.html
ERR: 无法加载控制器:Friendlink

[ 2017-11-23T21:44:53+08:00 ] 127.0.0.1 /admin.php/Public/getMenus
INFO: [ app_begin ] --START--
INFO: Run Behavior\ReadHtmlCacheBehavior [ RunTime:0.001294s ]
INFO: [ app_begin ] --END-- [ RunTime:0.004079s ]
SQL: SHOW COLUMNS FROM `weimenghulian_access` [ RunTime:0.0126s ]
SQL: SELECT `node_id` FROM `weimenghulian_access` WHERE ( role_id=1 ) LIMIT 1   [ RunTime:0.0013s ]
SQL: SHOW COLUMNS FROM `weimenghulian_menu` [ RunTime:0.0101s ]

[ 2017-11-23T21:44:53+08:00 ] 127.0.0.1 /admin.php/Public/getMenus
INFO: [ app_begin ] --START--
INFO: Run Behavior\ReadHtmlCacheBehavior [ RunTime:0.001251s ]
INFO: [ app_begin ] --END-- [ RunTime:0.002629s ]
SQL: SHOW COLUMNS FROM `weimenghulian_access` [ RunTime:0.0079s ]
SQL: SELECT `node_id` FROM `weimenghulian_access` WHERE ( role_id=1 ) LIMIT 1   [ RunTime:0.0006s ]
SQL: SHOW COLUMNS FROM `weimenghulian_menu` [ RunTime:0.0116s ]

[ 2017-11-23T21:44:53+08:00 ] 127.0.0.1 /admin.php/Public/getMenus
INFO: [ app_begin ] --START--
INFO: Run Behavior\ReadHtmlCacheBehavior [ RunTime:0.001930s ]
INFO: [ app_begin ] --END-- [ RunTime:0.003056s ]
SQL: SHOW COLUMNS FROM `weimenghulian_access` [ RunTime:0.0076s ]
SQL: SELECT `node_id` FROM `weimenghulian_access` WHERE ( role_id=1 ) LIMIT 1   [ RunTime:0.0015s ]
SQL: SHOW COLUMNS FROM `weimenghulian_menu` [ RunTime:0.0105s ]

[ 2017-11-23T21:45:48+08:00 ] 127.0.0.1 /admin.php/News/newsCateOption.html
ERR: 模板不存在:./Application/Admin/View/News/newscateoption.html

[ 2017-11-23T21:46:10+08:00 ] 127.0.0.1 /admin.php/Public/getMenus
INFO: [ app_begin ] --START--
INFO: Run Behavior\ReadHtmlCacheBehavior [ RunTime:0.000666s ]
INFO: [ app_begin ] --END-- [ RunTime:0.001344s ]
SQL: SHOW COLUMNS FROM `weimenghulian_access` [ RunTime:0.0070s ]
SQL: SELECT `node_id` FROM `weimenghulian_access` WHERE ( role_id=1 ) LIMIT 1   [ RunTime:0.0003s ]
SQL: SHOW COLUMNS FROM `weimenghulian_menu` [ RunTime:0.0059s ]

[ 2017-11-23T21:46:19+08:00 ] 127.0.0.1 /admin.php/News/newsCateOption.html
ERR: 模板不存在:./Application/Admin/View/News/newscateoption.html

[ 2017-11-23T21:48:58+08:00 ] 127.0.0.1 /admin.php/Public/getMenus
INFO: [ app_begin ] --START--
INFO: Run Behavior\ReadHtmlCacheBehavior [ RunTime:0.000896s ]
INFO: [ app_begin ] --END-- [ RunTime:0.002553s ]
SQL: SHOW COLUMNS FROM `weimenghulian_access` [ RunTime:0.0070s ]
SQL: SELECT `node_id` FROM `weimenghulian_access` WHERE ( role_id=1 ) LIMIT 1   [ RunTime:0.0003s ]
SQL: SHOW COLUMNS FROM `weimenghulian_menu` [ RunTime:0.0085s ]

[ 2017-11-23T21:50:00+08:00 ] 127.0.0.1 /admin.php/Public/getMenus
INFO: [ app_begin ] --START--
INFO: Run Behavior\ReadHtmlCacheBehavior [ RunTime:0.001731s ]
INFO: [ app_begin ] --END-- [ RunTime:0.002935s ]
SQL: SHOW COLUMNS FROM `weimenghulian_access` [ RunTime:0.0083s ]
SQL: SELECT `node_id` FROM `weimenghulian_access` WHERE ( role_id=1 ) LIMIT 1   [ RunTime:0.0005s ]
SQL: SHOW COLUMNS FROM `weimenghulian_menu` [ RunTime:0.0132s ]
SQL: SELECT * FROM `weimenghulian_menu` WHERE ( status=1 and isnav=1 and parent_id=0 and id in(1,2,25,67,3,4,5,6,7,8,9,10,11,12,13,14,15,16,17,18,19,20,21,22,23,26,27,28,35,36,41,888,29,30,33,37,38,42,43,44,45,46,68,69,879,880,881,882,883,887,889,890,891,884,885,893,894,895,903,896,897,898,899,900,901,902,904,907,908,909,910,911,912,913,914,915,916,47,48,49,50,51,52,53,54,55,56,57,58,59,60,61,833,62,63,64,65,66,877,878,886,70,73,74,127,71,72,115,126,849,850,851,852,853,854,855,856,857,858,859,860,861,871,872,875,876,116,117,118,119,120,121,122,123,124,125,862,863,864,865,866,867,868,869,874,78,79,83,84,85,86,87,88,89) ) ORDER BY sortby asc,id asc  [ RunTime:0.0013s ]
SQL: SELECT * FROM `weimenghulian_menu` WHERE ( 1=1 and status=1 and isnav=1 and parent_id=1 and id in (1,2,25,67,3,4,5,6,7,8,9,10,11,12,13,14,15,16,17,18,19,20,21,22,23,26,27,28,35,36,41,888,29,30,33,37,38,42,43,44,45,46,68,69,879,880,881,882,883,887,889,890,891,884,885,893,894,895,903,896,897,898,899,900,901,902,904,907,908,909,910,911,912,913,914,915,916,47,48,49,50,51,52,53,54,55,56,57,58,59,60,61,833,62,63,64,65,66,877,878,886,70,73,74,127,71,72,115,126,849,850,851,852,853,854,855,856,857,858,859,860,861,871,872,875,876,116,117,118,119,120,121,122,123,124,125,862,863,864,865,866,867,868,869,874,78,79,83,84,85,86,87,88,89) ) ORDER BY sortby asc,id asc  [ RunTime:0.0008s ]
SQL: SELECT * FROM `weimenghulian_menu` WHERE ( 1=1 and status=1 and isnav=1 and parent_id=2 and id in (1,2,25,67,3,4,5,6,7,8,9,10,11,12,13,14,15,16,17,18,19,20,21,22,23,26,27,28,35,36,41,888,29,30,33,37,38,42,43,44,45,46,68,69,879,880,881,882,883,887,889,890,891,884,885,893,894,895,903,896,897,898,899,900,901,902,904,907,908,909,910,911,912,913,914,915,916,47,48,49,50,51,52,53,54,55,56,57,58,59,60,61,833,62,63,64,65,66,877,878,886,70,73,74,127,71,72,115,126,849,850,851,852,853,854,855,856,857,858,859,860,861,871,872,875,876,116,117,118,119,120,121,122,123,124,125,862,863,864,865,866,867,868,869,874,78,79,83,84,85,86,87,88,89) ) ORDER BY sortby asc,id asc  [ RunTime:0.0008s ]
SQL: SELECT * FROM `weimenghulian_menu` WHERE ( 1=1 and status=1 and isnav=1 and parent_id=5 and id in (1,2,25,67,3,4,5,6,7,8,9,10,11,12,13,14,15,16,17,18,19,20,21,22,23,26,27,28,35,36,41,888,29,30,33,37,38,42,43,44,45,46,68,69,879,880,881,882,883,887,889,890,891,884,885,893,894,895,903,896,897,898,899,900,901,902,904,907,908,909,910,911,912,913,914,915,916,47,48,49,50,51,52,53,54,55,56,57,58,59,60,61,833,62,63,64,65,66,877,878,886,70,73,74,127,71,72,115,126,849,850,851,852,853,854,855,856,857,858,859,860,861,871,872,875,876,116,117,118,119,120,121,122,123,124,125,862,863,864,865,866,867,868,869,874,78,79,83,84,85,86,87,88,89) ) ORDER BY sortby asc,id asc  [ RunTime:0.0015s ]
SQL: SELECT * FROM `weimenghulian_menu` WHERE ( 1=1 and status=1 and isnav=1 and parent_id=8 and id in (1,2,25,67,3,4,5,6,7,8,9,10,11,12,13,14,15,16,17,18,19,20,21,22,23,26,27,28,35,36,41,888,29,30,33,37,38,42,43,44,45,46,68,69,879,880,881,882,883,887,889,890,891,884,885,893,894,895,903,896,897,898,899,900,901,902,904,907,908,909,910,911,912,913,914,915,916,47,48,49,50,51,52,53,54,55,56,57,58,59,60,61,833,62,63,64,65,66,877,878,886,70,73,74,127,71,72,115,126,849,850,851,852,853,854,855,856,857,858,859,860,861,871,872,875,876,116,117,118,119,120,121,122,123,124,125,862,863,864,865,866,867,868,869,874,78,79,83,84,85,86,87,88,89) ) ORDER BY sortby asc,id asc  [ RunTime:0.0006s ]
SQL: SELECT * FROM `weimenghulian_menu` WHERE ( 1=1 and status=1 and isnav=1 and parent_id=9 and id in (1,2,25,67,3,4,5,6,7,8,9,10,11,12,13,14,15,16,17,18,19,20,21,22,23,26,27,28,35,36,41,888,29,30,33,37,38,42,43,44,45,46,68,69,879,880,881,882,883,887,889,890,891,884,885,893,894,895,903,896,897,898,899,900,901,902,904,907,908,909,910,911,912,913,914,915,916,47,48,49,50,51,52,53,54,55,56,57,58,59,60,61,833,62,63,64,65,66,877,878,886,70,73,74,127,71,72,115,126,849,850,851,852,853,854,855,856,857,858,859,860,861,871,872,875,876,116,117,118,119,120,121,122,123,124,125,862,863,864,865,866,867,868,869,874,78,79,83,84,85,86,87,88,89) ) ORDER BY sortby asc,id asc  [ RunTime:0.0006s ]
SQL: SELECT * FROM `weimenghulian_menu` WHERE ( 1=1 and status=1 and isnav=1 and parent_id=11 and id in (1,2,25,67,3,4,5,6,7,8,9,10,11,12,13,14,15,16,17,18,19,20,21,22,23,26,27,28,35,36,41,888,29,30,33,37,38,42,43,44,45,46,68,69,879,880,881,882,883,887,889,890,891,884,885,893,894,895,903,896,897,898,899,900,901,902,904,907,908,909,910,911,912,913,914,915,916,47,48,49,50,51,52,53,54,55,56,57,58,59,60,61,833,62,63,64,65,66,877,878,886,70,73,74,127,71,72,115,126,849,850,851,852,853,854,855,856,857,858,859,860,861,871,872,875,876,116,117,118,119,120,121,122,123,124,125,862,863,864,865,866,867,868,869,874,78,79,83,84,85,86,87,88,89) ) ORDER BY sortby asc,id asc  [ RunTime:0.0019s ]

[ 2017-11-23T21:50:01+08:00 ] 127.0.0.1 /admin.php/Public/getMenus
INFO: [ app_begin ] --START--
INFO: Run Behavior\ReadHtmlCacheBehavior [ RunTime:0.001226s ]
INFO: [ app_begin ] --END-- [ RunTime:0.002036s ]
SQL: SHOW COLUMNS FROM `weimenghulian_access` [ RunTime:0.0059s ]
SQL: SELECT `node_id` FROM `weimenghulian_access` WHERE ( role_id=1 ) LIMIT 1   [ RunTime:0.0003s ]
SQL: SHOW COLUMNS FROM `weimenghulian_menu` [ RunTime:0.0104s ]

[ 2017-11-23T21:55:55+08:00 ] 127.0.0.1 /admin.php/Public/getMenus
INFO: [ app_begin ] --START--
INFO: Run Behavior\ReadHtmlCacheBehavior [ RunTime:0.002195s ]
INFO: [ app_begin ] --END-- [ RunTime:0.002826s ]
SQL: SHOW COLUMNS FROM `weimenghulian_access` [ RunTime:0.0054s ]
SQL: SELECT `node_id` FROM `weimenghulian_access` WHERE ( role_id=1 ) LIMIT 1   [ RunTime:0.0005s ]
SQL: SHOW COLUMNS FROM `weimenghulian_menu` [ RunTime:0.0118s ]
SQL: SELECT * FROM `weimenghulian_menu` WHERE ( status=1 and isnav=1 and parent_id=0 and id in(1,2,25,67,3,4,5,6,7,8,9,10,11,12,13,14,15,16,17,18,19,20,21,22,23,26,27,28,35,36,41,888,29,30,33,37,38,42,43,44,45,46,68,69,879,880,881,882,883,887,889,890,891,884,885,893,894,895,903,896,897,898,899,900,901,902,904,907,908,909,910,911,912,913,914,915,916,47,48,49,50,51,52,53,54,55,56,57,58,59,60,61,833,62,63,64,65,66,877,878,886,70,73,74,127,71,72,115,126,849,850,851,852,853,854,855,856,857,858,859,860,861,871,872,875,876,116,117,118,119,120,121,122,123,124,125,862,863,864,865,866,867,868,869,874,78,79,83,84,85,86,87,88,89) ) ORDER BY sortby asc,id asc  [ RunTime:0.0018s ]
SQL: SELECT * FROM `weimenghulian_menu` WHERE ( 1=1 and status=1 and isnav=1 and parent_id=1 and id in (1,2,25,67,3,4,5,6,7,8,9,10,11,12,13,14,15,16,17,18,19,20,21,22,23,26,27,28,35,36,41,888,29,30,33,37,38,42,43,44,45,46,68,69,879,880,881,882,883,887,889,890,891,884,885,893,894,895,903,896,897,898,899,900,901,902,904,907,908,909,910,911,912,913,914,915,916,47,48,49,50,51,52,53,54,55,56,57,58,59,60,61,833,62,63,64,65,66,877,878,886,70,73,74,127,71,72,115,126,849,850,851,852,853,854,855,856,857,858,859,860,861,871,872,875,876,116,117,118,119,120,121,122,123,124,125,862,863,864,865,866,867,868,869,874,78,79,83,84,85,86,87,88,89) ) ORDER BY sortby asc,id asc  [ RunTime:0.0012s ]
SQL: SELECT * FROM `weimenghulian_menu` WHERE ( 1=1 and status=1 and isnav=1 and parent_id=2 and id in (1,2,25,67,3,4,5,6,7,8,9,10,11,12,13,14,15,16,17,18,19,20,21,22,23,26,27,28,35,36,41,888,29,30,33,37,38,42,43,44,45,46,68,69,879,880,881,882,883,887,889,890,891,884,885,893,894,895,903,896,897,898,899,900,901,902,904,907,908,909,910,911,912,913,914,915,916,47,48,49,50,51,52,53,54,55,56,57,58,59,60,61,833,62,63,64,65,66,877,878,886,70,73,74,127,71,72,115,126,849,850,851,852,853,854,855,856,857,858,859,860,861,871,872,875,876,116,117,118,119,120,121,122,123,124,125,862,863,864,865,866,867,868,869,874,78,79,83,84,85,86,87,88,89) ) ORDER BY sortby asc,id asc  [ RunTime:0.0005s ]
SQL: SELECT * FROM `weimenghulian_menu` WHERE ( 1=1 and status=1 and isnav=1 and parent_id=5 and id in (1,2,25,67,3,4,5,6,7,8,9,10,11,12,13,14,15,16,17,18,19,20,21,22,23,26,27,28,35,36,41,888,29,30,33,37,38,42,43,44,45,46,68,69,879,880,881,882,883,887,889,890,891,884,885,893,894,895,903,896,897,898,899,900,901,902,904,907,908,909,910,911,912,913,914,915,916,47,48,49,50,51,52,53,54,55,56,57,58,59,60,61,833,62,63,64,65,66,877,878,886,70,73,74,127,71,72,115,126,849,850,851,852,853,854,855,856,857,858,859,860,861,871,872,875,876,116,117,118,119,120,121,122,123,124,125,862,863,864,865,866,867,868,869,874,78,79,83,84,85,86,87,88,89) ) ORDER BY sortby asc,id asc  [ RunTime:0.0005s ]
SQL: SELECT * FROM `weimenghulian_menu` WHERE ( 1=1 and status=1 and isnav=1 and parent_id=8 and id in (1,2,25,67,3,4,5,6,7,8,9,10,11,12,13,14,15,16,17,18,19,20,21,22,23,26,27,28,35,36,41,888,29,30,33,37,38,42,43,44,45,46,68,69,879,880,881,882,883,887,889,890,891,884,885,893,894,895,903,896,897,898,899,900,901,902,904,907,908,909,910,911,912,913,914,915,916,47,48,49,50,51,52,53,54,55,56,57,58,59,60,61,833,62,63,64,65,66,877,878,886,70,73,74,127,71,72,115,126,849,850,851,852,853,854,855,856,857,858,859,860,861,871,872,875,876,116,117,118,119,120,121,122,123,124,125,862,863,864,865,866,867,868,869,874,78,79,83,84,85,86,87,88,89) ) ORDER BY sortby asc,id asc  [ RunTime:0.0006s ]
SQL: SELECT * FROM `weimenghulian_menu` WHERE ( 1=1 and status=1 and isnav=1 and parent_id=9 and id in (1,2,25,67,3,4,5,6,7,8,9,10,11,12,13,14,15,16,17,18,19,20,21,22,23,26,27,28,35,36,41,888,29,30,33,37,38,42,43,44,45,46,68,69,879,880,881,882,883,887,889,890,891,884,885,893,894,895,903,896,897,898,899,900,901,902,904,907,908,909,910,911,912,913,914,915,916,47,48,49,50,51,52,53,54,55,56,57,58,59,60,61,833,62,63,64,65,66,877,878,886,70,73,74,127,71,72,115,126,849,850,851,852,853,854,855,856,857,858,859,860,861,871,872,875,876,116,117,118,119,120,121,122,123,124,125,862,863,864,865,866,867,868,869,874,78,79,83,84,85,86,87,88,89) ) ORDER BY sortby asc,id asc  [ RunTime:0.0010s ]
SQL: SELECT * FROM `weimenghulian_menu` WHERE ( 1=1 and status=1 and isnav=1 and parent_id=11 and id in (1,2,25,67,3,4,5,6,7,8,9,10,11,12,13,14,15,16,17,18,19,20,21,22,23,26,27,28,35,36,41,888,29,30,33,37,38,42,43,44,45,46,68,69,879,880,881,882,883,887,889,890,891,884,885,893,894,895,903,896,897,898,899,900,901,902,904,907,908,909,910,911,912,913,914,915,916,47,48,49,50,51,52,53,54,55,56,57,58,59,60,61,833,62,63,64,65,66,877,878,886,70,73,74,127,71,72,115,126,849,850,851,852,853,854,855,856,857,858,859,860,861,871,872,875,876,116,117,118,119,120,121,122,123,124,125,862,863,864,865,866,867,868,869,874,78,79,83,84,85,86,87,88,89) ) ORDER BY sortby asc,id asc  [ RunTime:0.0005s ]

[ 2017-11-23T21:56:51+08:00 ] 127.0.0.1 /admin.php/Public/getMenus
INFO: [ app_begin ] --START--
INFO: Run Behavior\ReadHtmlCacheBehavior [ RunTime:0.002014s ]
INFO: [ app_begin ] --END-- [ RunTime:0.003051s ]
SQL: SHOW COLUMNS FROM `weimenghulian_access` [ RunTime:0.0071s ]
SQL: SELECT `node_id` FROM `weimenghulian_access` WHERE ( role_id=1 ) LIMIT 1   [ RunTime:0.0004s ]
SQL: SHOW COLUMNS FROM `weimenghulian_menu` [ RunTime:0.0101s ]

[ 2017-11-23T21:56:52+08:00 ] 127.0.0.1 /admin.php/Public/getMenus
INFO: [ app_begin ] --START--
INFO: Run Behavior\ReadHtmlCacheBehavior [ RunTime:0.000968s ]
INFO: [ app_begin ] --END-- [ RunTime:0.001790s ]
SQL: SHOW COLUMNS FROM `weimenghulian_access` [ RunTime:0.0142s ]
SQL: SELECT `node_id` FROM `weimenghulian_access` WHERE ( role_id=1 ) LIMIT 1   [ RunTime:0.0004s ]
SQL: SHOW COLUMNS FROM `weimenghulian_menu` [ RunTime:0.0084s ]

[ 2017-11-23T22:02:39+08:00 ] 127.0.0.1 /admin.php/Public/getMenus
INFO: [ app_begin ] --START--
INFO: Run Behavior\ReadHtmlCacheBehavior [ RunTime:0.000640s ]
INFO: [ app_begin ] --END-- [ RunTime:0.001215s ]
SQL: SHOW COLUMNS FROM `weimenghulian_access` [ RunTime:0.0052s ]
SQL: SELECT `node_id` FROM `weimenghulian_access` WHERE ( role_id=1 ) LIMIT 1   [ RunTime:0.0003s ]
SQL: SHOW COLUMNS FROM `weimenghulian_menu` [ RunTime:0.0086s ]
SQL: SELECT * FROM `weimenghulian_menu` WHERE ( status=1 and isnav=1 and parent_id=0 and id in(1,2,25,67,3,4,5,6,7,8,9,10,11,12,13,14,15,16,17,18,19,20,21,22,23,26,27,28,35,36,41,888,29,30,33,37,38,42,43,44,45,46,68,69,879,880,881,882,883,887,889,890,891,884,885,893,894,895,903,896,897,898,899,900,901,902,904,907,908,909,910,911,912,913,914,915,916,47,48,49,50,51,52,53,54,55,56,57,58,59,60,61,833,62,63,64,65,66,877,878,886,70,73,74,127,71,72,115,126,849,850,851,852,853,854,855,856,857,858,859,860,861,871,872,875,876,116,117,118,119,120,121,122,123,124,125,862,863,864,865,866,867,868,869,874,78,79,83,84,85,86,87,88,89) ) ORDER BY sortby asc,id asc  [ RunTime:0.0008s ]
SQL: SELECT * FROM `weimenghulian_menu` WHERE ( 1=1 and status=1 and isnav=1 and parent_id=1 and id in (1,2,25,67,3,4,5,6,7,8,9,10,11,12,13,14,15,16,17,18,19,20,21,22,23,26,27,28,35,36,41,888,29,30,33,37,38,42,43,44,45,46,68,69,879,880,881,882,883,887,889,890,891,884,885,893,894,895,903,896,897,898,899,900,901,902,904,907,908,909,910,911,912,913,914,915,916,47,48,49,50,51,52,53,54,55,56,57,58,59,60,61,833,62,63,64,65,66,877,878,886,70,73,74,127,71,72,115,126,849,850,851,852,853,854,855,856,857,858,859,860,861,871,872,875,876,116,117,118,119,120,121,122,123,124,125,862,863,864,865,866,867,868,869,874,78,79,83,84,85,86,87,88,89) ) ORDER BY sortby asc,id asc  [ RunTime:0.0008s ]
SQL: SELECT * FROM `weimenghulian_menu` WHERE ( 1=1 and status=1 and isnav=1 and parent_id=2 and id in (1,2,25,67,3,4,5,6,7,8,9,10,11,12,13,14,15,16,17,18,19,20,21,22,23,26,27,28,35,36,41,888,29,30,33,37,38,42,43,44,45,46,68,69,879,880,881,882,883,887,889,890,891,884,885,893,894,895,903,896,897,898,899,900,901,902,904,907,908,909,910,911,912,913,914,915,916,47,48,49,50,51,52,53,54,55,56,57,58,59,60,61,833,62,63,64,65,66,877,878,886,70,73,74,127,71,72,115,126,849,850,851,852,853,854,855,856,857,858,859,860,861,871,872,875,876,116,117,118,119,120,121,122,123,124,125,862,863,864,865,866,867,868,869,874,78,79,83,84,85,86,87,88,89) ) ORDER BY sortby asc,id asc  [ RunTime:0.0010s ]
SQL: SELECT * FROM `weimenghulian_menu` WHERE ( 1=1 and status=1 and isnav=1 and parent_id=5 and id in (1,2,25,67,3,4,5,6,7,8,9,10,11,12,13,14,15,16,17,18,19,20,21,22,23,26,27,28,35,36,41,888,29,30,33,37,38,42,43,44,45,46,68,69,879,880,881,882,883,887,889,890,891,884,885,893,894,895,903,896,897,898,899,900,901,902,904,907,908,909,910,911,912,913,914,915,916,47,48,49,50,51,52,53,54,55,56,57,58,59,60,61,833,62,63,64,65,66,877,878,886,70,73,74,127,71,72,115,126,849,850,851,852,853,854,855,856,857,858,859,860,861,871,872,875,876,116,117,118,119,120,121,122,123,124,125,862,863,864,865,866,867,868,869,874,78,79,83,84,85,86,87,88,89) ) ORDER BY sortby asc,id asc  [ RunTime:0.0005s ]
SQL: SELECT * FROM `weimenghulian_menu` WHERE ( 1=1 and status=1 and isnav=1 and parent_id=8 and id in (1,2,25,67,3,4,5,6,7,8,9,10,11,12,13,14,15,16,17,18,19,20,21,22,23,26,27,28,35,36,41,888,29,30,33,37,38,42,43,44,45,46,68,69,879,880,881,882,883,887,889,890,891,884,885,893,894,895,903,896,897,898,899,900,901,902,904,907,908,909,910,911,912,913,914,915,916,47,48,49,50,51,52,53,54,55,56,57,58,59,60,61,833,62,63,64,65,66,877,878,886,70,73,74,127,71,72,115,126,849,850,851,852,853,854,855,856,857,858,859,860,861,871,872,875,876,116,117,118,119,120,121,122,123,124,125,862,863,864,865,866,867,868,869,874,78,79,83,84,85,86,87,88,89) ) ORDER BY sortby asc,id asc  [ RunTime:0.0005s ]
SQL: SELECT * FROM `weimenghulian_menu` WHERE ( 1=1 and status=1 and isnav=1 and parent_id=9 and id in (1,2,25,67,3,4,5,6,7,8,9,10,11,12,13,14,15,16,17,18,19,20,21,22,23,26,27,28,35,36,41,888,29,30,33,37,38,42,43,44,45,46,68,69,879,880,881,882,883,887,889,890,891,884,885,893,894,895,903,896,897,898,899,900,901,902,904,907,908,909,910,911,912,913,914,915,916,47,48,49,50,51,52,53,54,55,56,57,58,59,60,61,833,62,63,64,65,66,877,878,886,70,73,74,127,71,72,115,126,849,850,851,852,853,854,855,856,857,858,859,860,861,871,872,875,876,116,117,118,119,120,121,122,123,124,125,862,863,864,865,866,867,868,869,874,78,79,83,84,85,86,87,88,89) ) ORDER BY sortby asc,id asc  [ RunTime:0.0005s ]
SQL: SELECT * FROM `weimenghulian_menu` WHERE ( 1=1 and status=1 and isnav=1 and parent_id=11 and id in (1,2,25,67,3,4,5,6,7,8,9,10,11,12,13,14,15,16,17,18,19,20,21,22,23,26,27,28,35,36,41,888,29,30,33,37,38,42,43,44,45,46,68,69,879,880,881,882,883,887,889,890,891,884,885,893,894,895,903,896,897,898,899,900,901,902,904,907,908,909,910,911,912,913,914,915,916,47,48,49,50,51,52,53,54,55,56,57,58,59,60,61,833,62,63,64,65,66,877,878,886,70,73,74,127,71,72,115,126,849,850,851,852,853,854,855,856,857,858,859,860,861,871,872,875,876,116,117,118,119,120,121,122,123,124,125,862,863,864,865,866,867,868,869,874,78,79,83,84,85,86,87,88,89) ) ORDER BY sortby asc,id asc  [ RunTime:0.0005s ]

[ 2017-11-23T22:03:04+08:00 ] 127.0.0.1 /admin.php/Public/getMenus
INFO: [ app_begin ] --START--
INFO: Run Behavior\ReadHtmlCacheBehavior [ RunTime:0.000941s ]
INFO: [ app_begin ] --END-- [ RunTime:0.002090s ]
SQL: SHOW COLUMNS FROM `weimenghulian_access` [ RunTime:0.0091s ]
SQL: SELECT `node_id` FROM `weimenghulian_access` WHERE ( role_id=1 ) LIMIT 1   [ RunTime:0.0004s ]
SQL: SHOW COLUMNS FROM `weimenghulian_menu` [ RunTime:0.0057s ]

[ 2017-11-23T22:03:09+08:00 ] 127.0.0.1 /admin.php/News/newsCateOption.html?id=1
ERR: Think\Model:getNewsCateInfoById方法不存在！

[ 2017-11-23T22:03:16+08:00 ] 127.0.0.1 /admin.php/Public/getMenus
INFO: [ app_begin ] --START--
INFO: Run Behavior\ReadHtmlCacheBehavior [ RunTime:0.001318s ]
INFO: [ app_begin ] --END-- [ RunTime:0.002685s ]
SQL: SHOW COLUMNS FROM `weimenghulian_access` [ RunTime:0.0084s ]
SQL: SELECT `node_id` FROM `weimenghulian_access` WHERE ( role_id=1 ) LIMIT 1   [ RunTime:0.0004s ]
SQL: SHOW COLUMNS FROM `weimenghulian_menu` [ RunTime:0.0082s ]

[ 2017-11-23T22:04:24+08:00 ] 127.0.0.1 /admin.php/friendlink/index.html
ERR: 无法加载控制器:Friendlink

[ 2017-11-23T22:04:25+08:00 ] 127.0.0.1 /admin.php/systerm/index.html
ERR: 无法加载控制器:Systerm

[ 2017-11-23T22:04:28+08:00 ] 127.0.0.1 /admin.php/product/index.html
ERR: 无法加载控制器:Product

[ 2017-11-23T22:06:04+08:00 ] 127.0.0.1 /admin.php/index/page/login/login.html
ERR: 非法操作:page

[ 2017-11-23T22:06:09+08:00 ] 127.0.0.1 /admin.php/Public/getMenus
INFO: [ app_begin ] --START--
INFO: Run Behavior\ReadHtmlCacheBehavior [ RunTime:0.000748s ]
INFO: [ app_begin ] --END-- [ RunTime:0.001435s ]
SQL: SHOW COLUMNS FROM `weimenghulian_access` [ RunTime:0.0085s ]
SQL: SELECT `node_id` FROM `weimenghulian_access` WHERE ( role_id=1 ) LIMIT 1   [ RunTime:0.0005s ]
SQL: SHOW COLUMNS FROM `weimenghulian_menu` [ RunTime:0.0121s ]

